<?xml version="1.0" encoding="UTF-8"?>
<!-- Generated by org.testng.reporters.JUnitReportReporter -->
<testsuite hostname="DESKTOP-V39IGI5" failures="0" tests="3" name="com.jp.qa.testcases.GeneralPointsTest" time="26.671" errors="0" timestamp="2022-03-04T15:54:35 IST" skipped="0">
  <testcase classname="com.jp.qa.testcases.GeneralPointsTest" name="Title_Test" time="8.642"/>
  <system-out/>
  <testcase classname="com.jp.qa.testcases.GeneralPointsTest" name="URL_Test" time="10.164"/>
  <system-out/>
  <testcase classname="com.jp.qa.testcases.GeneralPointsTest" name="domain_Test" time="7.865"/>
  <system-out/>
</testsuite> <!-- com.jp.qa.testcases.GeneralPointsTest -->
