<?xml version="1.0" encoding="UTF-8"?>
<!-- Generated by org.testng.reporters.JUnitReportReporter -->
<testsuite hostname="DESKTOP-V39IGI5" failures="0" tests="4" name="com.jp.qa.testcases.HomepageTest" time="197.973" errors="0" timestamp="2022-03-04T15:58:02 IST" skipped="0">
  <testcase classname="com.jp.qa.testcases.HomepageTest" name="homePageTitleTest" time="15.916"/>
  <system-out/>
  <testcase classname="com.jp.qa.testcases.HomepageTest" name="blanksearch" time="20.862"/>
  <system-out/>
  <testcase classname="com.jp.qa.testcases.HomepageTest" name="searchTestWithoutFlight" time="58.923"/>
  <system-out/>
  <testcase classname="com.jp.qa.testcases.HomepageTest" name="searchTestWithFlight" time="102.272"/>
  <system-out/>
</testsuite> <!-- com.jp.qa.testcases.HomepageTest -->
