<?xml version="1.0" encoding="UTF-8"?>
<!-- Generated by org.testng.reporters.JUnitReportReporter -->
<testsuite hostname="DESKTOP-V39IGI5" failures="0" tests="2" name="com.jp.qa.testcases.Cutomizedpopuptestcases" time="207.539" errors="0" timestamp="2022-02-23T18:14:13 IST" skipped="0">
  <testcase classname="com.jp.qa.testcases.Cutomizedpopuptestcases" name="withoutflight_poptest" time="82.436"/>
  <system-out/>
  <testcase classname="com.jp.qa.testcases.Cutomizedpopuptestcases" name="withflight_poptest" time="125.103"/>
  <system-out/>
</testsuite> <!-- com.jp.qa.testcases.Cutomizedpopuptestcases -->
