<?xml version="1.0" encoding="UTF-8"?>
<!-- Generated by org.testng.reporters.JUnitReportReporter -->
<testsuite hostname="DESKTOP-V39IGI5" failures="0" tests="2" name="com.jp.qa.testcases.Packagelistingtestcases" time="177.445" errors="0" timestamp="2022-02-23T18:14:13 IST" skipped="0">
  <testcase classname="com.jp.qa.testcases.Packagelistingtestcases" name="customizedpopup_redirectwithoutflight" time="67.104"/>
  <system-out/>
  <testcase classname="com.jp.qa.testcases.Packagelistingtestcases" name="customizedpopup_redirectwithflight" time="110.341"/>
  <system-out/>
</testsuite> <!-- com.jp.qa.testcases.Packagelistingtestcases -->
