<?xml version="1.0" encoding="UTF-8"?>
<!-- Generated by org.testng.reporters.JUnitReportReporter -->
<testsuite hostname="DESKTOP-V39IGI5" failures="0" tests="4" name="com.jp.qa.testcases.ChangeHotelPopuptestcases" time="516.473" errors="0" timestamp="2022-02-23T18:14:13 IST" skipped="0">
  <testcase classname="com.jp.qa.testcases.ChangeHotelPopuptestcases" name="withoutflight_changeHotel" time="101.775"/>
  <system-out/>
  <testcase classname="com.jp.qa.testcases.ChangeHotelPopuptestcases" name="withoutflight_crossbtn" time="106.371"/>
  <system-out/>
  <testcase classname="com.jp.qa.testcases.ChangeHotelPopuptestcases" name="withflight_changeHotel" time="152.708"/>
  <system-out/>
  <testcase classname="com.jp.qa.testcases.ChangeHotelPopuptestcases" name="withflight_crossbtn" time="155.619"/>
  <system-out/>
</testsuite> <!-- com.jp.qa.testcases.ChangeHotelPopuptestcases -->
