<?xml version="1.0" encoding="UTF-8"?>
<!-- Generated by org.testng.reporters.JUnitReportReporter -->
<testsuite hostname="DESKTOP-V39IGI5" failures="0" tests="2" name="com.jp.qa.testcases.CutomizedpopupTest" time="206.984" errors="0" timestamp="2022-03-01T17:16:33 IST" skipped="0">
  <testcase classname="com.jp.qa.testcases.CutomizedpopupTest" name="withoutflight_poptest" time="82.309"/>
  <system-out/>
  <testcase classname="com.jp.qa.testcases.CutomizedpopupTest" name="withflight_poptest" time="124.675"/>
  <system-out/>
</testsuite> <!-- com.jp.qa.testcases.CutomizedpopupTest -->
