<?xml version="1.0" encoding="UTF-8"?>
<!-- Generated by org.testng.reporters.JUnitReportReporter -->
<testsuite hostname="DESKTOP-V39IGI5" failures="0" tests="4" name="com.jp.qa.testcases.ChangeHotelPopupsTest" time="514.726" errors="0" timestamp="2022-03-01T17:16:33 IST" skipped="0">
  <testcase classname="com.jp.qa.testcases.ChangeHotelPopupsTest" name="withoutflight_changeHotel" time="101.118"/>
  <system-out/>
  <testcase classname="com.jp.qa.testcases.ChangeHotelPopupsTest" name="withflight_changeHotel" time="151.702"/>
  <system-out/>
  <testcase classname="com.jp.qa.testcases.ChangeHotelPopupsTest" name="withoutflight_crossbtn" time="106.057"/>
  <system-out/>
  <testcase classname="com.jp.qa.testcases.ChangeHotelPopupsTest" name="withflight_crossbtn" time="155.849"/>
  <system-out/>
</testsuite> <!-- com.jp.qa.testcases.ChangeHotelPopupsTest -->
