<?xml version="1.0" encoding="UTF-8"?>
<!-- Generated by org.testng.reporters.JUnitReportReporter -->
<testsuite hostname="DESKTOP-V39IGI5" failures="0" tests="5" name="com.jp.qa.testcases.HomepageTest" time="290.913" errors="0" timestamp="2022-03-01T17:16:33 IST" skipped="1">
  <testcase classname="com.jp.qa.testcases.HomepageTest" name="homePageTitleTest" time="11.582"/>
  <system-out/>
  <testcase classname="com.jp.qa.testcases.HomepageTest" name="blanksearch" time="18.931"/>
  <system-out/>
  <testcase classname="com.jp.qa.testcases.HomepageTest" name="searchTestWithoutFlight" time="58.860"/>
  <system-out/>
  <testcase classname="com.jp.qa.testcases.HomepageTest" name="searchTestWithFlight" time="100.209">
    <skipped/>
  </testcase> <!-- searchTestWithFlight -->
  <system-out/>
  <testcase classname="com.jp.qa.testcases.HomepageTest" name="searchTestWithFlight" time="101.331"/>
  <system-out/>
</testsuite> <!-- com.jp.qa.testcases.HomepageTest -->
