<?xml version="1.0" encoding="UTF-8"?>
<!-- Generated by org.testng.reporters.JUnitReportReporter -->
<testsuite hostname="DESKTOP-V39IGI5" failures="0" tests="4" name="com.jp.qa.testcases.HomepageTest" time="221.825" errors="0" timestamp="2022-03-10T10:06:53 IST" skipped="0">
  <testcase classname="com.jp.qa.testcases.HomepageTest" name="homePageTitleTest" time="20.849"/>
  <system-out/>
  <testcase classname="com.jp.qa.testcases.HomepageTest" name="blanksearch" time="29.622"/>
  <system-out/>
  <testcase classname="com.jp.qa.testcases.HomepageTest" name="searchTestWithoutFlight" time="64.979"/>
  <system-out/>
  <testcase classname="com.jp.qa.testcases.HomepageTest" name="searchTestWithFlight" time="106.375"/>
  <system-out/>
</testsuite> <!-- com.jp.qa.testcases.HomepageTest -->
