<?xml version="1.0" encoding="UTF-8"?>
<!-- Generated by org.testng.reporters.JUnitReportReporter -->
<testsuite hostname="DESKTOP-V39IGI5" failures="0" tests="1" name="com.jp.qa.testcases.GeneralPointsTest" time="17.450" errors="0" timestamp="2022-03-15T14:47:15 IST" skipped="0">
  <testcase classname="com.jp.qa.testcases.GeneralPointsTest" name="value_searchbtn" time="17.450"/>
  <system-out/>
</testsuite> <!-- com.jp.qa.testcases.GeneralPointsTest -->
