<?xml version="1.0" encoding="UTF-8"?>
<!-- Generated by org.testng.reporters.JUnitReportReporter -->
<testsuite hostname="DESKTOP-V39IGI5" failures="0" tests="2" name="com.jp.qa.testcases.PackagelistingTest" time="176.378" errors="0" timestamp="2022-03-01T17:16:33 IST" skipped="0">
  <testcase classname="com.jp.qa.testcases.PackagelistingTest" name="customizedpopup_redirectwithoutflight" time="66.720"/>
  <system-out/>
  <testcase classname="com.jp.qa.testcases.PackagelistingTest" name="customizedpopup_redirectwithflight" time="109.658"/>
  <system-out/>
</testsuite> <!-- com.jp.qa.testcases.PackagelistingTest -->
